[014Šťł2026 21:03:24.355] [main/INFO] [cpw.mods.modlauncher.Launcher/MODLAUNCHER]: ModLauncher running: args [--launchTarget, forgeclientdev, --version, 21.1.222, --assetIndex, asset-index, --assetsDir, C:\\Users\\cheng\\.gradle\\caches\\minecraft\\assets, --gameDir, ., --fml.fmlVersion, 4.0.42, --fml.mcVersion, 1.21.1, --fml.neoForgeVersion, 21.1.222, --fml.neoFormVersion, 20240808.144430]
[014Šťł2026 21:03:24.364] [main/INFO] [cpw.mods.modlauncher.Launcher/MODLAUNCHER]: JVM identified as Microsoft OpenJDK 64-Bit Server VM 21.0.10+7-LTS
[014Šťł2026 21:03:24.368] [main/INFO] [cpw.mods.modlauncher.Launcher/MODLAUNCHER]: ModLauncher 11.0.5+main.901c6ea8 starting: java version 21.0.10 by Microsoft; OS Windows 11 arch amd64 version 10.0
[014Šťł2026 21:03:24.576] [main/INFO] [net.neoforged.fml.loading.ImmediateWindowHandler/]: Loading ImmediateWindowProvider fmlearlywindow
[014Šťł2026 21:03:24.742] [main/INFO] [EARLYDISPLAY/]: Trying GL version 4.6
[014Šťł2026 21:03:24.899] [main/INFO] [EARLYDISPLAY/]: Requested GL version 4.6 got version 4.6
[014Šťł2026 21:03:25.032] [main/INFO] [mixin/]: SpongePowered MIXIN Subsystem Version=0.8.7 Source=union:/C:/Users/cheng/.gradle/caches/modules-2/files-2.1/net.fabricmc/sponge-mixin/0.15.2+mixin.0.8.7/2af2f021d8e02a0220dc27a7a72b4666d66d44ca/sponge-mixin-0.15.2+mixin.0.8.7.jar%23142!/ Service=ModLauncher Env=CLIENT
[014Šťł2026 21:03:25.129] [pool-2-thread-1/INFO] [EARLYDISPLAY/]: GL info: AMD Radeon(TM) Graphics GL version 4.6.0 Core Profile Context 25.10.30.02.250923, ATI Technologies Inc.
[014Šťł2026 21:03:25.135] [main/INFO] [net.neoforged.fml.loading.moddiscovery.ModDiscoverer/SCAN]: Found mod file "neoforge-21.1.222.jar" [locator: neoforge devenv provider ([C:\Users\cheng\Documents\MistyRain\.gradle\repositories\ng_dummy_ng\net\neoforged\neoforge\21.1.222\neoforge-21.1.222.jar])]
[014Šťł2026 21:03:25.183] [main/INFO] [net.neoforged.fml.loading.moddiscovery.ModDiscoverer/SCAN]: Found mod file "neoforge-21.1.222.jar" [locator: neoforge devenv provider ([C:\Users\cheng\Documents\MistyRain\.gradle\repositories\ng_dummy_ng\net\neoforged\neoforge\21.1.222\neoforge-21.1.222.jar])]
[014Šťł2026 21:03:25.204] [main/INFO] [net.neoforged.fml.loading.moddiscovery.ModDiscoverer/SCAN]: Found mod file "main" [locator: userdev mods and services, reader: mod manifest]
[014Šťł2026 21:03:25.220] [main/INFO] [net.neoforged.fml.loading.moddiscovery.ModDiscoverer/SCAN]: Found mod file "neoforge-21.1.222.jar" [locator: userdev mods and services, reader: mod manifest]
[014Šťł2026 21:03:25.322] [main/INFO] [net.neoforged.fml.loading.moddiscovery.ModDiscoverer/SCAN]: Found gamelibrary file "mixinextras-neoforge-0.5.3.jar" [locator: userdev mods and services, reader: mod manifest]
[014Šťł2026 21:03:25.535] [main/WARN] [net.neoforged.jarjar.selection.JarSelector/]: Attempted to select a dependency jar for JarJar which was passed in as source: library:mixinextras.neoforge. Using Mod File: C:\Users\cheng\.gradle\caches\modules-2\files-2.1\io.github.llamalad7\mixinextras-neoforge\0.5.3\a0919957808de97707c5fb4ce073e66aeef3e187\mixinextras-neoforge-0.5.3.jar
[014Šťł2026 21:03:25.536] [main/INFO] [net.neoforged.fml.loading.moddiscovery.locators.JarInJarDependencyLocator/]: Found 1 dependencies adding them to mods collection
[014Šťł2026 21:03:25.536] [main/INFO] [net.neoforged.fml.loading.moddiscovery.ModDiscoverer/SCAN]: Found library file "net.neoforged.neoforge-coremods-21.1.222.jar" [parent: neoforge-21.1.222.jar, locator: jarinjar, reader: mod manifest]
[014Šťł2026 21:03:25.540] [main/INFO] [net.neoforged.fml.loading.moddiscovery.ModDiscoverer/]: 
     Mod List:
		Name Version (Mod Id)

		Minecraft 1.21.1 (minecraft)
		Misty Rain 1.0.0 (misty_rain)
		NeoForge 21.1.222 (neoforge)
[014Šťł2026 21:03:26.353] [main/INFO] [cpw.mods.modlauncher.LaunchServiceHandler/MODLAUNCHER]: Launching target 'forgeclientdev' with arguments [--version, 21.1.222, --gameDir, ., --assetsDir, C:\Users\cheng\.gradle\caches\minecraft\assets, --assetIndex, asset-index]
[014Šťł2026 21:03:29.284] [Datafixer Bootstrap/INFO] [com.mojang.datafixers.DataFixerBuilder/]: 229 Datafixer optimizations took 355 milliseconds
[014Šťł2026 21:03:29.492] [pool-7-thread-1/INFO] [MixinExtras|Service/]: Initializing MixinExtras via com.llamalad7.mixinextras.service.MixinExtrasServiceImpl(version=0.5.3).
[014Šťł2026 21:03:35.533] [main/WARN] [net.minecraft.commands.Commands/]: Ambiguity between arguments [teleport, location] and [teleport, destination] with inputs: [0.1 -0.5 .9, 0 0 0]
[014Šťł2026 21:03:35.534] [main/WARN] [net.minecraft.commands.Commands/]: Ambiguity between arguments [teleport, location] and [teleport, targets] with inputs: [0.1 -0.5 .9, 0 0 0]
[014Šťł2026 21:03:35.537] [main/WARN] [net.minecraft.commands.Commands/]: Ambiguity between arguments [teleport, destination] and [teleport, targets] with inputs: [Player, 0123, @e, dd12be42-52a9-4a91-a8a1-11c01849e498]
[014Šťł2026 21:03:35.538] [main/WARN] [net.minecraft.commands.Commands/]: Ambiguity between arguments [teleport, targets] and [teleport, destination] with inputs: [Player, 0123, dd12be42-52a9-4a91-a8a1-11c01849e498]
[014Šťł2026 21:03:35.539] [main/WARN] [net.minecraft.commands.Commands/]: Ambiguity between arguments [teleport, targets, location] and [teleport, targets, destination] with inputs: [0.1 -0.5 .9, 0 0 0]
[014Šťł2026 21:03:35.670] [Render thread/WARN] [net.minecraft.server.packs.VanillaPackResourcesBuilder/]: Assets URL 'union:/C:/Users/cheng/Documents/MistyRain/.gradle/repositories/ng_dummy_ng/net/neoforged/neoforge/21.1.222/neoforge-21.1.222.jar%23195!/assets/.mcassetsroot' uses unexpected schema
[014Šťł2026 21:03:35.670] [Render thread/WARN] [net.minecraft.server.packs.VanillaPackResourcesBuilder/]: Assets URL 'union:/C:/Users/cheng/Documents/MistyRain/.gradle/repositories/ng_dummy_ng/net/neoforged/neoforge/21.1.222/neoforge-21.1.222.jar%23195!/data/.mcassetsroot' uses unexpected schema
[014Šťł2026 21:03:35.727] [Render thread/INFO] [com.mojang.authlib.yggdrasil.YggdrasilAuthenticationService/]: Environment: Environment[sessionHost=https://sessionserver.mojang.com, servicesHost=https://api.minecraftservices.com, name=PROD]
[014Šťł2026 21:03:35.741] [Render thread/INFO] [net.minecraft.client.Minecraft/]: Setting user: Dev
[014Šťł2026 21:03:35.902] [Render thread/INFO] [net.minecraft.client.Minecraft/]: Backend library: LWJGL version 3.3.3+5
[014Šťł2026 21:03:36.245] [modloading-worker-0/INFO] [net.neoforged.neoforge.common.NeoForgeMod/NEOFORGE-MOD]: NeoForge mod loading, version 21.1.222, for MC 1.21.1
[014Šťł2026 21:03:36.401] [modloading-sync-worker/ERROR] [net.neoforged.fml.javafmlmod.FMLModContainer/]: Exception caught during firing event: Block{[unregistered]} has duplicate property: facing
	Index: 0
	Listeners:
		0: net.neoforged.neoforge.registries.DeferredRegister$$Lambda/0x0000017801dada20@6e7757ef
		1: net.neoforged.neoforge.registries.DeferredRegister$$Lambda/0x0000017801dada20@109ab32b
		2: net.neoforged.neoforge.registries.DeferredRegister$$Lambda/0x0000017801dada20@5d517e66
java.lang.IllegalArgumentException: Block{[unregistered]} has duplicate property: facing
	at TRANSFORMER/minecraft@1.21.1/net.minecraft.world.level.block.state.StateDefinition$Builder.validateProperty(StateDefinition.java:149)
	at TRANSFORMER/minecraft@1.21.1/net.minecraft.world.level.block.state.StateDefinition$Builder.add(StateDefinition.java:125)
	at TRANSFORMER/misty_rain@1.0.0/com.skily_leyu.misty_rain.blocks.StalkBlock.createBlockStateDefinition(StalkBlock.java:112)
	at TRANSFORMER/minecraft@1.21.1/net.minecraft.world.level.block.Block.<init>(Block.java:192)
	at TRANSFORMER/misty_rain@1.0.0/com.skily_leyu.misty_rain.blocks.StalkBlock.<init>(StalkBlock.java:37)
	at TRANSFORMER/misty_rain@1.0.0/com.skily_leyu.misty_rain.MistyRain.lambda$static$0(MistyRain.java:43)
	at TRANSFORMER/neoforge@21.1.222/net.neoforged.neoforge.registries.DeferredRegister$Blocks.lambda$registerBlock$1(DeferredRegister.java:432)
	at TRANSFORMER/neoforge@21.1.222/net.neoforged.neoforge.registries.DeferredRegister$Blocks.lambda$register$0(DeferredRegister.java:417)
	at TRANSFORMER/neoforge@21.1.222/net.neoforged.neoforge.registries.DeferredRegister.lambda$register$1(DeferredRegister.java:234)
	at TRANSFORMER/neoforge@21.1.222/net.neoforged.neoforge.registries.DeferredRegister.lambda$addEntries$2(DeferredRegister.java:375)
	at TRANSFORMER/neoforge@21.1.222/net.neoforged.neoforge.registries.RegisterEvent.register(RegisterEvent.java:48)
	at TRANSFORMER/neoforge@21.1.222/net.neoforged.neoforge.registries.DeferredRegister.addEntries(DeferredRegister.java:375)
	at MC-BOOTSTRAP/net.neoforged.bus/net.neoforged.bus.ConsumerEventHandler.invoke(ConsumerEventHandler.java:27)
	at MC-BOOTSTRAP/net.neoforged.bus/net.neoforged.bus.EventBus.post(EventBus.java:360)
	at MC-BOOTSTRAP/net.neoforged.bus/net.neoforged.bus.EventBus.post(EventBus.java:342)
	at MC-BOOTSTRAP/fml_loader@4.0.42/net.neoforged.fml.ModContainer.acceptEvent(ModContainer.java:177)
	at MC-BOOTSTRAP/fml_loader@4.0.42/net.neoforged.fml.ModLoader.lambda$postEventWithWrapInModOrder$16(ModLoader.java:379)
	at java.base/java.lang.Iterable.forEach(Iterable.java:75)
	at MC-BOOTSTRAP/fml_loader@4.0.42/net.neoforged.fml.ModList.forEachModInOrder(ModList.java:174)
	at MC-BOOTSTRAP/fml_loader@4.0.42/net.neoforged.fml.ModLoader.postEventWithWrapInModOrder(ModLoader.java:377)
	at MC-BOOTSTRAP/fml_loader@4.0.42/net.neoforged.fml.ModLoader.postEventWrapContainerInModOrder(ModLoader.java:368)
	at TRANSFORMER/neoforge@21.1.222/net.neoforged.neoforge.registries.GameData.postRegisterEvents(GameData.java:92)
	at TRANSFORMER/neoforge@21.1.222/net.neoforged.neoforge.internal.CommonModLoader.lambda$begin$0(CommonModLoader.java:54)
	at java.base/java.util.concurrent.CompletableFuture$AsyncRun.run(CompletableFuture.java:1804)
	at java.base/java.util.concurrent.ThreadPoolExecutor.runWorker(ThreadPoolExecutor.java:1144)
	at java.base/java.util.concurrent.ThreadPoolExecutor$Worker.run(ThreadPoolExecutor.java:642)
	at java.base/java.lang.Thread.run(Thread.java:1583)

[014Šťł2026 21:03:36.402] [modloading-sync-worker/ERROR] [net.neoforged.fml.ModContainer/LOADING]: Caught exception during event net.neoforged.neoforge.registries.RegisterEvent@6b809ae0 dispatch for modid misty_rain
java.lang.IllegalArgumentException: Block{[unregistered]} has duplicate property: facing
	at TRANSFORMER/minecraft@1.21.1/net.minecraft.world.level.block.state.StateDefinition$Builder.validateProperty(StateDefinition.java:149) ~[neoforge-21.1.222.jar%23195!/:?]
	at TRANSFORMER/minecraft@1.21.1/net.minecraft.world.level.block.state.StateDefinition$Builder.add(StateDefinition.java:125) ~[neoforge-21.1.222.jar%23195!/:?]
	at TRANSFORMER/misty_rain@1.0.0/com.skily_leyu.misty_rain.blocks.StalkBlock.createBlockStateDefinition(StalkBlock.java:112) ~[%23197!/:?]
	at TRANSFORMER/minecraft@1.21.1/net.minecraft.world.level.block.Block.<init>(Block.java:192) ~[neoforge-21.1.222.jar%23195!/:?]
	at TRANSFORMER/misty_rain@1.0.0/com.skily_leyu.misty_rain.blocks.StalkBlock.<init>(StalkBlock.java:37) ~[%23197!/:?]
	at TRANSFORMER/misty_rain@1.0.0/com.skily_leyu.misty_rain.MistyRain.lambda$static$0(MistyRain.java:43) ~[%23197!/:?]
	at TRANSFORMER/neoforge@21.1.222/net.neoforged.neoforge.registries.DeferredRegister$Blocks.lambda$registerBlock$1(DeferredRegister.java:432) ~[neoforge-21.1.222.jar%23196!/:?]
	at TRANSFORMER/neoforge@21.1.222/net.neoforged.neoforge.registries.DeferredRegister$Blocks.lambda$register$0(DeferredRegister.java:417) ~[neoforge-21.1.222.jar%23196!/:?]
	at TRANSFORMER/neoforge@21.1.222/net.neoforged.neoforge.registries.DeferredRegister.lambda$register$1(DeferredRegister.java:234) ~[neoforge-21.1.222.jar%23196!/:?]
	at TRANSFORMER/neoforge@21.1.222/net.neoforged.neoforge.registries.DeferredRegister.lambda$addEntries$2(DeferredRegister.java:375) ~[neoforge-21.1.222.jar%23196!/:?]
	at TRANSFORMER/neoforge@21.1.222/net.neoforged.neoforge.registries.RegisterEvent.register(RegisterEvent.java:48) ~[neoforge-21.1.222.jar%23196!/:?]
	at TRANSFORMER/neoforge@21.1.222/net.neoforged.neoforge.registries.DeferredRegister.addEntries(DeferredRegister.java:375) ~[neoforge-21.1.222.jar%23196!/:?]
	at MC-BOOTSTRAP/net.neoforged.bus/net.neoforged.bus.ConsumerEventHandler.invoke(ConsumerEventHandler.java:27) ~[bus-8.0.5.jar%23154!/:?]
	at MC-BOOTSTRAP/net.neoforged.bus/net.neoforged.bus.EventBus.post(EventBus.java:360) ~[bus-8.0.5.jar%23154!/:?]
	at MC-BOOTSTRAP/net.neoforged.bus/net.neoforged.bus.EventBus.post(EventBus.java:342) ~[bus-8.0.5.jar%23154!/:?]
	at MC-BOOTSTRAP/fml_loader@4.0.42/net.neoforged.fml.ModContainer.acceptEvent(ModContainer.java:177) ~[loader-4.0.42.jar%23150!/:4.0]
	at MC-BOOTSTRAP/fml_loader@4.0.42/net.neoforged.fml.ModLoader.lambda$postEventWithWrapInModOrder$16(ModLoader.java:379) ~[loader-4.0.42.jar%23150!/:4.0]
	at java.base/java.lang.Iterable.forEach(Iterable.java:75) ~[?:?]
	at MC-BOOTSTRAP/fml_loader@4.0.42/net.neoforged.fml.ModList.forEachModInOrder(ModList.java:174) ~[loader-4.0.42.jar%23150!/:4.0]
	at MC-BOOTSTRAP/fml_loader@4.0.42/net.neoforged.fml.ModLoader.postEventWithWrapInModOrder(ModLoader.java:377) ~[loader-4.0.42.jar%23150!/:4.0]
	at MC-BOOTSTRAP/fml_loader@4.0.42/net.neoforged.fml.ModLoader.postEventWrapContainerInModOrder(ModLoader.java:368) ~[loader-4.0.42.jar%23150!/:4.0]
	at TRANSFORMER/neoforge@21.1.222/net.neoforged.neoforge.registries.GameData.postRegisterEvents(GameData.java:92) ~[neoforge-21.1.222.jar%23196!/:?]
	at TRANSFORMER/neoforge@21.1.222/net.neoforged.neoforge.internal.CommonModLoader.lambda$begin$0(CommonModLoader.java:54) ~[neoforge-21.1.222.jar%23196!/:?]
	at java.base/java.util.concurrent.CompletableFuture$AsyncRun.run(CompletableFuture.java:1804) ~[?:?]
	at java.base/java.util.concurrent.ThreadPoolExecutor.runWorker(ThreadPoolExecutor.java:1144) ~[?:?]
	at java.base/java.util.concurrent.ThreadPoolExecutor$Worker.run(ThreadPoolExecutor.java:642) ~[?:?]
	at java.base/java.lang.Thread.run(Thread.java:1583) [?:?]
[014Šťł2026 21:03:36.404] [modloading-sync-worker/ERROR] [net.neoforged.fml.javafmlmod.FMLModContainer/]: Exception caught during firing event: Trying to access unbound value: ResourceKey[minecraft:block / misty_rain:bamboo_stalk]
	Index: 1
	Listeners:
		0: net.neoforged.neoforge.registries.DeferredRegister$$Lambda/0x0000017801dada20@6e7757ef
		1: net.neoforged.neoforge.registries.DeferredRegister$$Lambda/0x0000017801dada20@109ab32b
		2: net.neoforged.neoforge.registries.DeferredRegister$$Lambda/0x0000017801dada20@5d517e66
java.lang.NullPointerException: Trying to access unbound value: ResourceKey[minecraft:block / misty_rain:bamboo_stalk]
	at TRANSFORMER/neoforge@21.1.222/net.neoforged.neoforge.registries.DeferredHolder.value(DeferredHolder.java:103)
	at TRANSFORMER/neoforge@21.1.222/net.neoforged.neoforge.registries.DeferredHolder.get(DeferredHolder.java:117)
	at TRANSFORMER/neoforge@21.1.222/net.neoforged.neoforge.registries.DeferredRegister$Items.lambda$registerSimpleBlockItem$1(DeferredRegister.java:531)
	at TRANSFORMER/neoforge@21.1.222/net.neoforged.neoforge.registries.DeferredRegister.lambda$register$1(DeferredRegister.java:234)
	at TRANSFORMER/neoforge@21.1.222/net.neoforged.neoforge.registries.DeferredRegister.lambda$addEntries$2(DeferredRegister.java:375)
	at TRANSFORMER/neoforge@21.1.222/net.neoforged.neoforge.registries.RegisterEvent.register(RegisterEvent.java:48)
	at TRANSFORMER/neoforge@21.1.222/net.neoforged.neoforge.registries.DeferredRegister.addEntries(DeferredRegister.java:375)
	at MC-BOOTSTRAP/net.neoforged.bus/net.neoforged.bus.ConsumerEventHandler.invoke(ConsumerEventHandler.java:27)
	at MC-BOOTSTRAP/net.neoforged.bus/net.neoforged.bus.EventBus.post(EventBus.java:360)
	at MC-BOOTSTRAP/net.neoforged.bus/net.neoforged.bus.EventBus.post(EventBus.java:342)
	at MC-BOOTSTRAP/fml_loader@4.0.42/net.neoforged.fml.ModContainer.acceptEvent(ModContainer.java:177)
	at MC-BOOTSTRAP/fml_loader@4.0.42/net.neoforged.fml.ModLoader.lambda$postEventWithWrapInModOrder$16(ModLoader.java:379)
	at java.base/java.lang.Iterable.forEach(Iterable.java:75)
	at MC-BOOTSTRAP/fml_loader@4.0.42/net.neoforged.fml.ModList.forEachModInOrder(ModList.java:174)
	at MC-BOOTSTRAP/fml_loader@4.0.42/net.neoforged.fml.ModLoader.postEventWithWrapInModOrder(ModLoader.java:377)
	at MC-BOOTSTRAP/fml_loader@4.0.42/net.neoforged.fml.ModLoader.postEventWrapContainerInModOrder(ModLoader.java:368)
	at TRANSFORMER/neoforge@21.1.222/net.neoforged.neoforge.registries.GameData.postRegisterEvents(GameData.java:92)
	at TRANSFORMER/neoforge@21.1.222/net.neoforged.neoforge.internal.CommonModLoader.lambda$begin$0(CommonModLoader.java:54)
	at java.base/java.util.concurrent.CompletableFuture$AsyncRun.run(CompletableFuture.java:1804)
	at java.base/java.util.concurrent.ThreadPoolExecutor.runWorker(ThreadPoolExecutor.java:1144)
	at java.base/java.util.concurrent.ThreadPoolExecutor$Worker.run(ThreadPoolExecutor.java:642)
	at java.base/java.lang.Thread.run(Thread.java:1583)

[014Šťł2026 21:03:36.405] [modloading-sync-worker/ERROR] [net.neoforged.fml.ModContainer/LOADING]: Caught exception during event net.neoforged.neoforge.registries.RegisterEvent@40af4b40 dispatch for modid misty_rain
java.lang.NullPointerException: Trying to access unbound value: ResourceKey[minecraft:block / misty_rain:bamboo_stalk]
	at TRANSFORMER/neoforge@21.1.222/net.neoforged.neoforge.registries.DeferredHolder.value(DeferredHolder.java:103) ~[neoforge-21.1.222.jar%23196!/:?]
	at TRANSFORMER/neoforge@21.1.222/net.neoforged.neoforge.registries.DeferredHolder.get(DeferredHolder.java:117) ~[neoforge-21.1.222.jar%23196!/:?]
	at TRANSFORMER/neoforge@21.1.222/net.neoforged.neoforge.registries.DeferredRegister$Items.lambda$registerSimpleBlockItem$1(DeferredRegister.java:531) ~[neoforge-21.1.222.jar%23196!/:?]
	at TRANSFORMER/neoforge@21.1.222/net.neoforged.neoforge.registries.DeferredRegister.lambda$register$1(DeferredRegister.java:234) ~[neoforge-21.1.222.jar%23196!/:?]
	at TRANSFORMER/neoforge@21.1.222/net.neoforged.neoforge.registries.DeferredRegister.lambda$addEntries$2(DeferredRegister.java:375) ~[neoforge-21.1.222.jar%23196!/:?]
	at TRANSFORMER/neoforge@21.1.222/net.neoforged.neoforge.registries.RegisterEvent.register(RegisterEvent.java:48) ~[neoforge-21.1.222.jar%23196!/:?]
	at TRANSFORMER/neoforge@21.1.222/net.neoforged.neoforge.registries.DeferredRegister.addEntries(DeferredRegister.java:375) ~[neoforge-21.1.222.jar%23196!/:?]
	at MC-BOOTSTRAP/net.neoforged.bus/net.neoforged.bus.ConsumerEventHandler.invoke(ConsumerEventHandler.java:27) ~[bus-8.0.5.jar%23154!/:?]
	at MC-BOOTSTRAP/net.neoforged.bus/net.neoforged.bus.EventBus.post(EventBus.java:360) ~[bus-8.0.5.jar%23154!/:?]
	at MC-BOOTSTRAP/net.neoforged.bus/net.neoforged.bus.EventBus.post(EventBus.java:342) ~[bus-8.0.5.jar%23154!/:?]
	at MC-BOOTSTRAP/fml_loader@4.0.42/net.neoforged.fml.ModContainer.acceptEvent(ModContainer.java:177) ~[loader-4.0.42.jar%23150!/:4.0]
	at MC-BOOTSTRAP/fml_loader@4.0.42/net.neoforged.fml.ModLoader.lambda$postEventWithWrapInModOrder$16(ModLoader.java:379) ~[loader-4.0.42.jar%23150!/:4.0]
	at java.base/java.lang.Iterable.forEach(Iterable.java:75) ~[?:?]
	at MC-BOOTSTRAP/fml_loader@4.0.42/net.neoforged.fml.ModList.forEachModInOrder(ModList.java:174) ~[loader-4.0.42.jar%23150!/:4.0]
	at MC-BOOTSTRAP/fml_loader@4.0.42/net.neoforged.fml.ModLoader.postEventWithWrapInModOrder(ModLoader.java:377) ~[loader-4.0.42.jar%23150!/:4.0]
	at MC-BOOTSTRAP/fml_loader@4.0.42/net.neoforged.fml.ModLoader.postEventWrapContainerInModOrder(ModLoader.java:368) ~[loader-4.0.42.jar%23150!/:4.0]
	at TRANSFORMER/neoforge@21.1.222/net.neoforged.neoforge.registries.GameData.postRegisterEvents(GameData.java:92) ~[neoforge-21.1.222.jar%23196!/:?]
	at TRANSFORMER/neoforge@21.1.222/net.neoforged.neoforge.internal.CommonModLoader.lambda$begin$0(CommonModLoader.java:54) ~[neoforge-21.1.222.jar%23196!/:?]
	at java.base/java.util.concurrent.CompletableFuture$AsyncRun.run(CompletableFuture.java:1804) ~[?:?]
	at java.base/java.util.concurrent.ThreadPoolExecutor.runWorker(ThreadPoolExecutor.java:1144) ~[?:?]
	at java.base/java.util.concurrent.ThreadPoolExecutor$Worker.run(ThreadPoolExecutor.java:642) ~[?:?]
	at java.base/java.lang.Thread.run(Thread.java:1583) [?:?]
[014Šťł2026 21:03:36.473] [modloading-sync-worker/ERROR] [net.neoforged.neoforge.registries.GameData/]: Failed to register some entries, see suppressed exceptions for details
java.lang.RuntimeException: null
	at TRANSFORMER/neoforge@21.1.222/net.neoforged.neoforge.registries.GameData.postRegisterEvents(GameData.java:83) ~[neoforge-21.1.222.jar%23196!/:?]
	at TRANSFORMER/neoforge@21.1.222/net.neoforged.neoforge.internal.CommonModLoader.lambda$begin$0(CommonModLoader.java:54) ~[neoforge-21.1.222.jar%23196!/:?]
	at java.base/java.util.concurrent.CompletableFuture$AsyncRun.run(CompletableFuture.java:1804) ~[?:?]
	at java.base/java.util.concurrent.ThreadPoolExecutor.runWorker(ThreadPoolExecutor.java:1144) ~[?:?]
	at java.base/java.util.concurrent.ThreadPoolExecutor$Worker.run(ThreadPoolExecutor.java:642) ~[?:?]
	at java.base/java.lang.Thread.run(Thread.java:1583) [?:?]
	Suppressed: net.neoforged.fml.ModLoadingException: Loading errors encountered:
	- Misty Rain (misty_rain) encountered an error while dispatching the net.neoforged.neoforge.registries.RegisterEvent event
	  java.lang.IllegalArgumentException: Block{[unregistered]} has duplicate property: facing

		at MC-BOOTSTRAP/fml_loader@4.0.42/net.neoforged.fml.ModContainer.acceptEvent(ModContainer.java:181) ~[loader-4.0.42.jar%23150!/:4.0]
		at MC-BOOTSTRAP/fml_loader@4.0.42/net.neoforged.fml.ModLoader.lambda$postEventWithWrapInModOrder$16(ModLoader.java:379) ~[loader-4.0.42.jar%23150!/:4.0]
		at java.base/java.lang.Iterable.forEach(Iterable.java:75) ~[?:?]
		at MC-BOOTSTRAP/fml_loader@4.0.42/net.neoforged.fml.ModList.forEachModInOrder(ModList.java:174) ~[loader-4.0.42.jar%23150!/:4.0]
		at MC-BOOTSTRAP/fml_loader@4.0.42/net.neoforged.fml.ModLoader.postEventWithWrapInModOrder(ModLoader.java:377) ~[loader-4.0.42.jar%23150!/:4.0]
		at MC-BOOTSTRAP/fml_loader@4.0.42/net.neoforged.fml.ModLoader.postEventWrapContainerInModOrder(ModLoader.java:368) ~[loader-4.0.42.jar%23150!/:4.0]
		at TRANSFORMER/neoforge@21.1.222/net.neoforged.neoforge.registries.GameData.postRegisterEvents(GameData.java:92) ~[neoforge-21.1.222.jar%23196!/:?]
		at TRANSFORMER/neoforge@21.1.222/net.neoforged.neoforge.internal.CommonModLoader.lambda$begin$0(CommonModLoader.java:54) ~[neoforge-21.1.222.jar%23196!/:?]
		at java.base/java.util.concurrent.CompletableFuture$AsyncRun.run(CompletableFuture.java:1804) ~[?:?]
		at java.base/java.util.concurrent.ThreadPoolExecutor.runWorker(ThreadPoolExecutor.java:1144) ~[?:?]
		at java.base/java.util.concurrent.ThreadPoolExecutor$Worker.run(ThreadPoolExecutor.java:642) ~[?:?]
		at java.base/java.lang.Thread.run(Thread.java:1583) [?:?]
	Suppressed: net.neoforged.fml.ModLoadingException: Loading errors encountered:
	- Misty Rain (misty_rain) encountered an error while dispatching the net.neoforged.neoforge.registries.RegisterEvent event
	  java.lang.NullPointerException: Trying to access unbound value: ResourceKey[minecraft:block / misty_rain:bamboo_stalk]

		at MC-BOOTSTRAP/fml_loader@4.0.42/net.neoforged.fml.ModContainer.acceptEvent(ModContainer.java:181) ~[loader-4.0.42.jar%23150!/:4.0]
		at MC-BOOTSTRAP/fml_loader@4.0.42/net.neoforged.fml.ModLoader.lambda$postEventWithWrapInModOrder$16(ModLoader.java:379) ~[loader-4.0.42.jar%23150!/:4.0]
		at java.base/java.lang.Iterable.forEach(Iterable.java:75) ~[?:?]
		at MC-BOOTSTRAP/fml_loader@4.0.42/net.neoforged.fml.ModList.forEachModInOrder(ModList.java:174) ~[loader-4.0.42.jar%23150!/:4.0]
		at MC-BOOTSTRAP/fml_loader@4.0.42/net.neoforged.fml.ModLoader.postEventWithWrapInModOrder(ModLoader.java:377) ~[loader-4.0.42.jar%23150!/:4.0]
		at MC-BOOTSTRAP/fml_loader@4.0.42/net.neoforged.fml.ModLoader.postEventWrapContainerInModOrder(ModLoader.java:368) ~[loader-4.0.42.jar%23150!/:4.0]
		at TRANSFORMER/neoforge@21.1.222/net.neoforged.neoforge.registries.GameData.postRegisterEvents(GameData.java:92) ~[neoforge-21.1.222.jar%23196!/:?]
		at TRANSFORMER/neoforge@21.1.222/net.neoforged.neoforge.internal.CommonModLoader.lambda$begin$0(CommonModLoader.java:54) ~[neoforge-21.1.222.jar%23196!/:?]
		at java.base/java.util.concurrent.CompletableFuture$AsyncRun.run(CompletableFuture.java:1804) ~[?:?]
		at java.base/java.util.concurrent.ThreadPoolExecutor.runWorker(ThreadPoolExecutor.java:1144) ~[?:?]
		at java.base/java.util.concurrent.ThreadPoolExecutor$Worker.run(ThreadPoolExecutor.java:642) ~[?:?]
		at java.base/java.lang.Thread.run(Thread.java:1583) [?:?]
[014Šťł2026 21:03:36.482] [modloading-sync-worker/ERROR] [net.neoforged.neoforge.registries.GameData/]: Rolling back to VANILLA state
[014Šťł2026 21:03:36.887] [Render thread/FATAL] [net.neoforged.fml.ModLoader/LOADING]: Failed to wait for future Registry initialization, 2 errors found
[014Šťł2026 21:03:36.921] [Render thread/WARN] [net.minecraft.client.Options/]: Removed resource pack mod_resources from options because it doesn't seem to exist anymore
[014Šťł2026 21:03:36.968] [Render thread/ERROR] [net.neoforged.fml.ModLoader/]: Cowardly refusing to send event net.neoforged.neoforge.client.event.sound.SoundEngineLoadEvent to a broken mod state
[014Šťł2026 21:03:37.046] [Render thread/ERROR] [net.neoforged.fml.ModLoader/]: Cowardly refusing to send event net.neoforged.neoforge.client.event.RegisterColorHandlersEvent$Block to a broken mod state
[014Šťł2026 21:03:37.048] [Render thread/ERROR] [net.neoforged.fml.ModLoader/]: Cowardly refusing to send event net.neoforged.neoforge.client.event.RegisterColorHandlersEvent$Item to a broken mod state
[014Šťł2026 21:03:37.057] [Render thread/ERROR] [net.neoforged.fml.ModLoader/]: Cowardly refusing to send event net.neoforged.neoforge.client.event.RegisterMaterialAtlasesEvent to a broken mod state
[014Šťł2026 21:03:37.087] [Render thread/ERROR] [net.neoforged.fml.ModLoader/]: Cowardly refusing to send event net.neoforged.neoforge.client.event.RegisterRenderBuffersEvent to a broken mod state
[014Šťł2026 21:03:37.172] [Render thread/ERROR] [net.neoforged.fml.ModLoader/]: Cowardly refusing to send event net.neoforged.neoforge.client.event.RegisterParticleProvidersEvent to a broken mod state
[014Šťł2026 21:03:37.208] [Render thread/ERROR] [net.neoforged.fml.ModLoader/]: Cowardly refusing to send event net.neoforged.neoforge.client.event.RenderLevelStageEvent$RegisterStageEvent to a broken mod state
[014Šťł2026 21:03:37.274] [Render thread/ERROR] [net.neoforged.fml.ModLoader/]: Cowardly refusing to send event net.neoforged.neoforge.client.extensions.common.RegisterClientExtensionsEvent to a broken mod state
[014Šťł2026 21:03:37.274] [Render thread/ERROR] [net.neoforged.fml.ModLoader/]: Cowardly refusing to send event net.neoforged.neoforge.client.event.RegisterSpriteSourceTypesEvent to a broken mod state
[014Šťł2026 21:03:37.294] [Render thread/ERROR] [net.neoforged.fml.ModLoader/]: Cowardly refusing to send event net.neoforged.neoforge.client.event.RegisterMenuScreensEvent to a broken mod state
[014Šťł2026 21:03:37.294] [Render thread/ERROR] [net.neoforged.fml.ModLoader/]: Cowardly refusing to send event net.neoforged.neoforge.client.event.RegisterClientReloadListenersEvent to a broken mod state
[014Šťł2026 21:03:37.295] [Render thread/ERROR] [net.neoforged.fml.ModLoader/]: Cowardly refusing to send event net.neoforged.neoforge.client.event.EntityRenderersEvent$RegisterLayerDefinitions to a broken mod state
[014Šťł2026 21:03:37.295] [Render thread/ERROR] [net.neoforged.fml.ModLoader/]: Cowardly refusing to send event net.neoforged.neoforge.client.event.EntityRenderersEvent$RegisterRenderers to a broken mod state
[014Šťł2026 21:03:37.296] [Render thread/ERROR] [net.neoforged.fml.ModLoader/]: Cowardly refusing to send event net.neoforged.neoforge.client.event.RegisterClientTooltipComponentFactoriesEvent to a broken mod state
[014Šťł2026 21:03:37.296] [Render thread/ERROR] [net.neoforged.fml.ModLoader/]: Cowardly refusing to send event net.neoforged.neoforge.client.event.RegisterEntitySpectatorShadersEvent to a broken mod state
[014Šťł2026 21:03:37.296] [Render thread/ERROR] [net.neoforged.fml.ModLoader/]: Cowardly refusing to send event net.neoforged.neoforge.client.event.RegisterKeyMappingsEvent to a broken mod state
[014Šťł2026 21:03:37.299] [Render thread/ERROR] [net.neoforged.fml.ModLoader/]: Cowardly refusing to send event net.neoforged.neoforge.client.event.RegisterRecipeBookCategoriesEvent to a broken mod state
[014Šťł2026 21:03:37.299] [Render thread/ERROR] [net.neoforged.fml.ModLoader/]: Cowardly refusing to send event net.neoforged.neoforge.client.event.RegisterGuiLayersEvent to a broken mod state
[014Šťł2026 21:03:37.301] [Render thread/ERROR] [net.neoforged.fml.ModLoader/]: Cowardly refusing to send event net.neoforged.neoforge.client.event.RegisterDimensionSpecialEffectsEvent to a broken mod state
[014Šťł2026 21:03:37.302] [Render thread/ERROR] [net.neoforged.fml.ModLoader/]: Cowardly refusing to send event net.neoforged.neoforge.client.event.RegisterNamedRenderTypesEvent to a broken mod state
[014Šťł2026 21:03:37.304] [Render thread/ERROR] [net.neoforged.fml.ModLoader/]: Cowardly refusing to send event net.neoforged.neoforge.client.event.RegisterColorHandlersEvent$ColorResolvers to a broken mod state
[014Šťł2026 21:03:37.305] [Render thread/ERROR] [net.neoforged.fml.ModLoader/]: Cowardly refusing to send event net.neoforged.neoforge.client.event.RegisterItemDecorationsEvent to a broken mod state
[014Šťł2026 21:03:37.310] [Render thread/ERROR] [net.neoforged.fml.ModLoader/]: Cowardly refusing to send event net.neoforged.neoforge.client.event.RegisterPresetEditorsEvent to a broken mod state
[014Šťł2026 21:03:37.310] [Render thread/ERROR] [net.neoforged.fml.ModLoader/]: Cowardly refusing to send event net.neoforged.neoforge.client.gui.map.RegisterMapDecorationRenderersEvent to a broken mod state
[014Šťł2026 21:03:37.311] [Render thread/ERROR] [net.neoforged.fml.ModLoader/]: Cowardly refusing to send event net.neoforged.neoforge.client.event.RegisterDimensionTransitionScreenEvent to a broken mod state
[014Šťł2026 21:03:37.319] [Render thread/ERROR] [net.neoforged.fml.ModLoader/]: Cowardly refusing to send event net.neoforged.neoforge.client.event.RegisterJsonAnimationTypesEvent to a broken mod state
[014Šťł2026 21:03:37.392] [Render thread/INFO] [net.minecraft.server.packs.resources.ReloadableResourceManager/]: Reloading ResourceManager: vanilla
[014Šťł2026 21:03:37.429] [Render thread/ERROR] [net.neoforged.fml.ModLoader/]: Cowardly refusing to send event net.neoforged.neoforge.client.event.ModelEvent$RegisterGeometryLoaders to a broken mod state
[014Šťł2026 21:03:37.595] [Worker-Main-13/INFO] [net.minecraft.client.gui.font.providers.UnihexProvider/]: Found unifont_all_no_pua-15.1.05.hex, loading
[014Šťł2026 21:03:37.689] [Worker-Main-11/INFO] [net.minecraft.client.gui.font.providers.UnihexProvider/]: Found unifont_jp_patch-15.1.05.hex, loading
[014Šťł2026 21:03:38.391] [Worker-Main-2/ERROR] [net.neoforged.fml.ModLoader/]: Cowardly refusing to send event net.neoforged.neoforge.client.event.ModelEvent$RegisterAdditional to a broken mod state
[014Šťł2026 21:03:39.022] [Worker-Main-2/ERROR] [net.neoforged.fml.ModLoader/]: Cowardly refusing to send event net.neoforged.neoforge.client.event.ModelEvent$ModifyBakingResult to a broken mod state
[014Šťł2026 21:03:39.127] [Render thread/WARN] [net.minecraft.client.sounds.SoundEngine/]: Missing sound for event: minecraft:item.goat_horn.play
[014Šťł2026 21:03:39.128] [Render thread/WARN] [net.minecraft.client.sounds.SoundEngine/]: Missing sound for event: minecraft:entity.goat.screaming.horn_break
[014Šťł2026 21:03:39.305] [Render thread/INFO] [com.mojang.blaze3d.audio.Library/]: OpenAL initialized on device OpenAL Soft on ŠëČňú░ňÖĘ (AB13X USB Audio)
[014Šťł2026 21:03:39.307] [Render thread/INFO] [net.minecraft.client.sounds.SoundEngine/SOUNDS]: Sound engine started
[014Šťł2026 21:03:39.307] [Render thread/ERROR] [net.neoforged.fml.ModLoader/]: Cowardly refusing to send event net.neoforged.neoforge.client.event.sound.SoundEngineLoadEvent to a broken mod state
[014Šťł2026 21:03:39.447] [Render thread/INFO] [net.minecraft.client.renderer.texture.TextureAtlas/]: Created: 1024x512x4 minecraft:textures/atlas/blocks.png-atlas
[014Šťł2026 21:03:39.462] [Render thread/ERROR] [net.neoforged.fml.ModLoader/]: Cowardly refusing to send event net.neoforged.neoforge.client.event.TextureAtlasStitchedEvent to a broken mod state
[014Šťł2026 21:03:39.462] [Render thread/INFO] [net.minecraft.client.renderer.texture.TextureAtlas/]: Created: 256x256x4 minecraft:textures/atlas/signs.png-atlas
[014Šťł2026 21:03:39.462] [Render thread/ERROR] [net.neoforged.fml.ModLoader/]: Cowardly refusing to send event net.neoforged.neoforge.client.event.TextureAtlasStitchedEvent to a broken mod state
[014Šťł2026 21:03:39.463] [Render thread/INFO] [net.minecraft.client.renderer.texture.TextureAtlas/]: Created: 512x512x4 minecraft:textures/atlas/banner_patterns.png-atlas
[014Šťł2026 21:03:39.463] [Render thread/ERROR] [net.neoforged.fml.ModLoader/]: Cowardly refusing to send event net.neoforged.neoforge.client.event.TextureAtlasStitchedEvent to a broken mod state
[014Šťł2026 21:03:39.463] [Render thread/INFO] [net.minecraft.client.renderer.texture.TextureAtlas/]: Created: 512x512x4 minecraft:textures/atlas/shield_patterns.png-atlas
[014Šťł2026 21:03:39.464] [Render thread/ERROR] [net.neoforged.fml.ModLoader/]: Cowardly refusing to send event net.neoforged.neoforge.client.event.TextureAtlasStitchedEvent to a broken mod state
[014Šťł2026 21:03:39.464] [Render thread/INFO] [net.minecraft.client.renderer.texture.TextureAtlas/]: Created: 1024x1024x4 minecraft:textures/atlas/armor_trims.png-atlas
[014Šťł2026 21:03:39.472] [Render thread/ERROR] [net.neoforged.fml.ModLoader/]: Cowardly refusing to send event net.neoforged.neoforge.client.event.TextureAtlasStitchedEvent to a broken mod state
[014Šťł2026 21:03:39.473] [Render thread/INFO] [net.minecraft.client.renderer.texture.TextureAtlas/]: Created: 128x64x4 minecraft:textures/atlas/decorated_pot.png-atlas
[014Šťł2026 21:03:39.473] [Render thread/ERROR] [net.neoforged.fml.ModLoader/]: Cowardly refusing to send event net.neoforged.neoforge.client.event.TextureAtlasStitchedEvent to a broken mod state
[014Šťł2026 21:03:39.473] [Render thread/INFO] [net.minecraft.client.renderer.texture.TextureAtlas/]: Created: 256x256x4 minecraft:textures/atlas/chest.png-atlas
[014Šťł2026 21:03:39.473] [Render thread/ERROR] [net.neoforged.fml.ModLoader/]: Cowardly refusing to send event net.neoforged.neoforge.client.event.TextureAtlasStitchedEvent to a broken mod state
[014Šťł2026 21:03:39.473] [Render thread/INFO] [net.minecraft.client.renderer.texture.TextureAtlas/]: Created: 512x256x4 minecraft:textures/atlas/shulker_boxes.png-atlas
[014Šťł2026 21:03:39.474] [Render thread/ERROR] [net.neoforged.fml.ModLoader/]: Cowardly refusing to send event net.neoforged.neoforge.client.event.TextureAtlasStitchedEvent to a broken mod state
[014Šťł2026 21:03:39.474] [Render thread/INFO] [net.minecraft.client.renderer.texture.TextureAtlas/]: Created: 512x256x4 minecraft:textures/atlas/beds.png-atlas
[014Šťł2026 21:03:39.474] [Render thread/ERROR] [net.neoforged.fml.ModLoader/]: Cowardly refusing to send event net.neoforged.neoforge.client.event.TextureAtlasStitchedEvent to a broken mod state
[014Šťł2026 21:03:39.474] [Render thread/ERROR] [net.neoforged.fml.ModLoader/]: Cowardly refusing to send event net.neoforged.neoforge.client.event.ModelEvent$BakingCompleted to a broken mod state
[014Šťł2026 21:03:39.621] [Render thread/ERROR] [net.neoforged.fml.ModLoader/]: Cowardly refusing to send event net.neoforged.neoforge.client.event.EntityRenderersEvent$CreateSkullModels to a broken mod state
[014Šťł2026 21:03:39.628] [Render thread/ERROR] [net.neoforged.fml.ModLoader/]: Cowardly refusing to send event net.neoforged.neoforge.client.event.EntityRenderersEvent$CreateSkullModels to a broken mod state
[014Šťł2026 21:03:39.722] [Render thread/ERROR] [net.neoforged.fml.ModLoader/]: Cowardly refusing to send event net.neoforged.neoforge.client.event.EntityRenderersEvent$CreateSkullModels to a broken mod state
[014Šťł2026 21:03:39.727] [Render thread/ERROR] [net.neoforged.fml.ModLoader/]: Cowardly refusing to send event net.neoforged.neoforge.client.event.EntityRenderersEvent$CreateSkullModels to a broken mod state
[014Šťł2026 21:03:39.732] [Render thread/ERROR] [net.neoforged.fml.ModLoader/]: Cowardly refusing to send event net.neoforged.neoforge.client.event.EntityRenderersEvent$CreateSkullModels to a broken mod state
[014Šťł2026 21:03:39.735] [Render thread/ERROR] [net.neoforged.fml.ModLoader/]: Cowardly refusing to send event net.neoforged.neoforge.client.event.EntityRenderersEvent$CreateSkullModels to a broken mod state
[014Šťł2026 21:03:39.735] [Render thread/ERROR] [net.neoforged.fml.ModLoader/]: Cowardly refusing to send event net.neoforged.neoforge.client.event.EntityRenderersEvent$CreateSkullModels to a broken mod state
[014Šťł2026 21:03:39.737] [Render thread/ERROR] [net.neoforged.fml.ModLoader/]: Cowardly refusing to send event net.neoforged.neoforge.client.event.EntityRenderersEvent$CreateSkullModels to a broken mod state
[014Šťł2026 21:03:39.743] [Render thread/ERROR] [net.neoforged.fml.ModLoader/]: Cowardly refusing to send event net.neoforged.neoforge.client.event.EntityRenderersEvent$CreateSkullModels to a broken mod state
[014Šťł2026 21:03:39.744] [Render thread/ERROR] [net.neoforged.fml.ModLoader/]: Cowardly refusing to send event net.neoforged.neoforge.client.event.EntityRenderersEvent$CreateSkullModels to a broken mod state
[014Šťł2026 21:03:39.744] [Render thread/ERROR] [net.neoforged.fml.ModLoader/]: Cowardly refusing to send event net.neoforged.neoforge.client.event.EntityRenderersEvent$CreateSkullModels to a broken mod state
[014Šťł2026 21:03:39.745] [Render thread/ERROR] [net.neoforged.fml.ModLoader/]: Cowardly refusing to send event net.neoforged.neoforge.client.event.EntityRenderersEvent$CreateSkullModels to a broken mod state
[014Šťł2026 21:03:39.745] [Render thread/ERROR] [net.neoforged.fml.ModLoader/]: Cowardly refusing to send event net.neoforged.neoforge.client.event.EntityRenderersEvent$CreateSkullModels to a broken mod state
[014Šťł2026 21:03:39.746] [Render thread/ERROR] [net.neoforged.fml.ModLoader/]: Cowardly refusing to send event net.neoforged.neoforge.client.event.EntityRenderersEvent$CreateSkullModels to a broken mod state
[014Šťł2026 21:03:39.747] [Render thread/ERROR] [net.neoforged.fml.ModLoader/]: Cowardly refusing to send event net.neoforged.neoforge.client.event.EntityRenderersEvent$CreateSkullModels to a broken mod state
[014Šťł2026 21:03:39.750] [Render thread/ERROR] [net.neoforged.fml.ModLoader/]: Cowardly refusing to send event net.neoforged.neoforge.client.event.EntityRenderersEvent$CreateSkullModels to a broken mod state
[014Šťł2026 21:03:39.750] [Render thread/ERROR] [net.neoforged.fml.ModLoader/]: Cowardly refusing to send event net.neoforged.neoforge.client.event.EntityRenderersEvent$CreateSkullModels to a broken mod state
[014Šťł2026 21:03:39.751] [Render thread/ERROR] [net.neoforged.fml.ModLoader/]: Cowardly refusing to send event net.neoforged.neoforge.client.event.EntityRenderersEvent$CreateSkullModels to a broken mod state
[014Šťł2026 21:03:39.751] [Render thread/ERROR] [net.neoforged.fml.ModLoader/]: Cowardly refusing to send event net.neoforged.neoforge.client.event.EntityRenderersEvent$CreateSkullModels to a broken mod state
[014Šťł2026 21:03:39.752] [Render thread/ERROR] [net.neoforged.fml.ModLoader/]: Cowardly refusing to send event net.neoforged.neoforge.client.event.EntityRenderersEvent$CreateSkullModels to a broken mod state
[014Šťł2026 21:03:39.759] [Render thread/ERROR] [net.neoforged.fml.ModLoader/]: Cowardly refusing to send event net.neoforged.neoforge.client.event.EntityRenderersEvent$CreateSkullModels to a broken mod state
[014Šťł2026 21:03:39.760] [Render thread/ERROR] [net.neoforged.fml.ModLoader/]: Cowardly refusing to send event net.neoforged.neoforge.client.event.EntityRenderersEvent$CreateSkullModels to a broken mod state
[014Šťł2026 21:03:39.760] [Render thread/ERROR] [net.neoforged.fml.ModLoader/]: Cowardly refusing to send event net.neoforged.neoforge.client.event.EntityRenderersEvent$AddLayers to a broken mod state
[014Šťł2026 21:03:39.761] [Render thread/INFO] [net.minecraft.client.renderer.texture.TextureAtlas/]: Created: 512x256x0 minecraft:textures/atlas/particles.png-atlas
[014Šťł2026 21:03:39.762] [Render thread/ERROR] [net.neoforged.fml.ModLoader/]: Cowardly refusing to send event net.neoforged.neoforge.client.event.TextureAtlasStitchedEvent to a broken mod state
[014Šťł2026 21:03:39.764] [Render thread/INFO] [net.minecraft.client.renderer.texture.TextureAtlas/]: Created: 512x256x0 minecraft:textures/atlas/paintings.png-atlas
[014Šťł2026 21:03:39.765] [Render thread/ERROR] [net.neoforged.fml.ModLoader/]: Cowardly refusing to send event net.neoforged.neoforge.client.event.TextureAtlasStitchedEvent to a broken mod state
[014Šťł2026 21:03:39.765] [Render thread/INFO] [net.minecraft.client.renderer.texture.TextureAtlas/]: Created: 256x128x0 minecraft:textures/atlas/mob_effects.png-atlas
[014Šťł2026 21:03:39.765] [Render thread/ERROR] [net.neoforged.fml.ModLoader/]: Cowardly refusing to send event net.neoforged.neoforge.client.event.TextureAtlasStitchedEvent to a broken mod state
[014Šťł2026 21:03:39.766] [Render thread/INFO] [net.minecraft.client.renderer.texture.TextureAtlas/]: Created: 64x64x0 minecraft:textures/atlas/map_decorations.png-atlas
[014Šťł2026 21:03:39.766] [Render thread/ERROR] [net.neoforged.fml.ModLoader/]: Cowardly refusing to send event net.neoforged.neoforge.client.event.TextureAtlasStitchedEvent to a broken mod state
[014Šťł2026 21:03:39.766] [Render thread/INFO] [net.minecraft.client.renderer.texture.TextureAtlas/]: Created: 1024x512x0 minecraft:textures/atlas/gui.png-atlas
[014Šťł2026 21:03:39.767] [Render thread/ERROR] [net.neoforged.fml.ModLoader/]: Cowardly refusing to send event net.neoforged.neoforge.client.event.TextureAtlasStitchedEvent to a broken mod state
[014Šťł2026 21:03:39.811] [Render thread/WARN] [net.minecraft.client.renderer.ShaderInstance/]: Shader rendertype_entity_translucent_emissive could not find sampler named Sampler2 in the specified shader program.
[014Šťł2026 21:03:39.900] [Render thread/ERROR] [net.neoforged.fml.ModLoader/]: Cowardly refusing to send event net.neoforged.neoforge.client.event.RegisterShadersEvent to a broken mod state
[014Šťł2026 21:03:40.014] [Render thread/ERROR] [net.minecraft.CrashReport/]: Negative index in crash report handler (0/28)
[014Šťł2026 21:03:40.028] [Render thread/FATAL] [net.neoforged.neoforge.common.NeoForgeMod/]: Preparing crash report with UUID e8334b5b-70f1-427a-84c6-deb9f56e6588
[014Šťł2026 21:03:40.029] [Render thread/FATAL] [net.neoforged.neoforge.client.loading.ClientModLoader/]: Crash report saved to .\crash-reports\crash-2026-04-01_21.03.40-fml.txt
[014Šťł2026 21:03:40.030] [Render thread/FATAL] [net.neoforged.neoforge.common.NeoForgeMod/]: Preparing crash report with UUID 0ef69c9c-78f0-427a-9647-9730f3dadfac
[014Šťł2026 21:03:41.097] [Yggdrasil Key Fetcher/ERROR] [com.mojang.authlib.yggdrasil.YggdrasilServicesKeyInfo/]: Failed to request yggdrasil public key
com.mojang.authlib.exceptions.MinecraftClientException: Failed to read from https://api.minecraftservices.com/publickeys due to Read timed out
	at MC-BOOTSTRAP/authlib@6.0.54/com.mojang.authlib.minecraft.client.MinecraftClient.readInputStream(MinecraftClient.java:108) ~[authlib-6.0.54.jar%23122!/:?]
	at MC-BOOTSTRAP/authlib@6.0.54/com.mojang.authlib.minecraft.client.MinecraftClient.get(MinecraftClient.java:57) ~[authlib-6.0.54.jar%23122!/:?]
	at MC-BOOTSTRAP/authlib@6.0.54/com.mojang.authlib.yggdrasil.YggdrasilServicesKeyInfo.fetch(YggdrasilServicesKeyInfo.java:114) ~[authlib-6.0.54.jar%23122!/:?]
	at MC-BOOTSTRAP/authlib@6.0.54/com.mojang.authlib.yggdrasil.YggdrasilServicesKeyInfo$1.run(YggdrasilServicesKeyInfo.java:89) ~[authlib-6.0.54.jar%23122!/:?]
	at java.base/java.util.concurrent.Executors$RunnableAdapter.call(Executors.java:572) ~[?:?]
	at java.base/java.util.concurrent.FutureTask.run(FutureTask.java:317) ~[?:?]
	at java.base/java.util.concurrent.ScheduledThreadPoolExecutor$ScheduledFutureTask.run(ScheduledThreadPoolExecutor.java:304) ~[?:?]
	at java.base/java.util.concurrent.ThreadPoolExecutor.runWorker(ThreadPoolExecutor.java:1144) ~[?:?]
	at java.base/java.util.concurrent.ThreadPoolExecutor$Worker.run(ThreadPoolExecutor.java:642) ~[?:?]
	at java.base/java.lang.Thread.run(Thread.java:1583) [?:?]
Caused by: java.net.SocketTimeoutException: Read timed out
	at java.base/sun.nio.ch.NioSocketImpl.timedRead(NioSocketImpl.java:278) ~[?:?]
	at java.base/sun.nio.ch.NioSocketImpl.implRead(NioSocketImpl.java:304) ~[?:?]
	at java.base/sun.nio.ch.NioSocketImpl.read(NioSocketImpl.java:346) ~[?:?]
	at java.base/sun.nio.ch.NioSocketImpl$1.read(NioSocketImpl.java:796) ~[?:?]
	at java.base/java.net.Socket$SocketInputStream.read(Socket.java:1099) ~[?:?]
	at java.base/sun.security.ssl.SSLSocketInputRecord.read(SSLSocketInputRecord.java:489) ~[?:?]
	at java.base/sun.security.ssl.SSLSocketInputRecord.readHeader(SSLSocketInputRecord.java:483) ~[?:?]
	at java.base/sun.security.ssl.SSLSocketInputRecord.decode(SSLSocketInputRecord.java:160) ~[?:?]
	at java.base/sun.security.ssl.SSLTransport.decode(SSLTransport.java:111) ~[?:?]
	at java.base/sun.security.ssl.SSLSocketImpl.decode(SSLSocketImpl.java:1506) ~[?:?]
	at java.base/sun.security.ssl.SSLSocketImpl.readHandshakeRecord(SSLSocketImpl.java:1421) ~[?:?]
	at java.base/sun.security.ssl.SSLSocketImpl.startHandshake(SSLSocketImpl.java:455) ~[?:?]
	at java.base/sun.security.ssl.SSLSocketImpl.startHandshake(SSLSocketImpl.java:426) ~[?:?]
	at java.base/sun.net.www.protocol.https.HttpsClient.afterConnect(HttpsClient.java:586) ~[?:?]
	at java.base/sun.net.www.protocol.https.AbstractDelegateHttpsURLConnection.connect(AbstractDelegateHttpsURLConnection.java:187) ~[?:?]
	at java.base/sun.net.www.protocol.http.HttpURLConnection.getInputStream0(HttpURLConnection.java:1705) ~[?:?]
	at java.base/sun.net.www.protocol.http.HttpURLConnection.getInputStream(HttpURLConnection.java:1629) ~[?:?]
	at java.base/java.net.HttpURLConnection.getResponseCode(HttpURLConnection.java:531) ~[?:?]
	at java.base/sun.net.www.protocol.https.HttpsURLConnectionImpl.getResponseCode(HttpsURLConnectionImpl.java:307) ~[?:?]
	at MC-BOOTSTRAP/authlib@6.0.54/com.mojang.authlib.minecraft.client.MinecraftClient.readInputStream(MinecraftClient.java:84) ~[authlib-6.0.54.jar%23122!/:?]
	... 9 more
[014Šťł2026 21:03:45.197] [Render thread/INFO] [net.minecraft.client.Minecraft/]: Stopping!
